<?xml version="1.0" encoding="UTF-8"?>
<!-- Generated by org.testng.reporters.JUnitReportReporter -->
<testsuite hostname="INBASDPC05928" name="com.devops.tera.controller.Test" tests="1" failures="0" timestamp="9 Nov 2016 08:48:11 GMT" time="0.023" errors="0">
  <testcase name="s1" time="0.023" classname="com.devops.tera.controller.Test"/>
</testsuite> <!-- com.devops.tera.controller.Test -->
